<?xml version="1.0" encoding="UTF-8"?>
<coverage generated="1660774283583" clover="3.2.0">
  <project timestamp="1660774283583" name="All files">
    <metrics statements="16" coveredstatements="8" conditionals="9" coveredconditionals="3" methods="4" coveredmethods="2" elements="29" coveredelements="13" complexity="0" loc="16" ncloc="16" packages="1" files="2" classes="2"/>
    <file name="node.ts" path="/home/steinwei/web/aegis-sdk/packages/utils/src/node.ts">
      <metrics statements="2" coveredstatements="2" conditionals="2" coveredconditionals="1" methods="1" coveredmethods="1"/>
      <line num="1" count="1" type="stmt"/>
      <line num="2" count="2" type="cond" truecount="1" falsecount="1"/>
    </file>
    <file name="object.ts" path="/home/steinwei/web/aegis-sdk/packages/utils/src/object.ts">
      <metrics statements="14" coveredstatements="6" conditionals="7" coveredconditionals="2" methods="3" coveredmethods="1"/>
      <line num="1" count="1" type="stmt"/>
      <line num="3" count="1" type="stmt"/>
      <line num="5" count="1" type="stmt"/>
      <line num="6" count="2" type="cond" truecount="2" falsecount="2"/>
      <line num="9" count="1" type="stmt"/>
      <line num="10" count="0" type="stmt"/>
      <line num="11" count="0" type="stmt"/>
      <line num="12" count="0" type="cond" truecount="0" falsecount="1"/>
      <line num="13" count="0" type="stmt"/>
      <line num="14" count="0" type="stmt"/>
      <line num="19" count="0" type="stmt"/>
      <line num="22" count="1" type="stmt"/>
      <line num="23" count="0" type="cond" truecount="0" falsecount="2"/>
      <line num="24" count="0" type="stmt"/>
    </file>
  </project>
</coverage>
