{"/home/steinwei/web/aegis-sdk/packages/utils/src/node.ts": {"path":"/home/steinwei/web/aegis-sdk/packages/utils/src/node.ts","statementMap":{"0":{"start":{"line":2,"column":2},"end":{"line":2,"column":107}},"1":{"start":{"line":1,"column":0},"end":{"line":1,"column":16}}},"fnMap":{"0":{"name":"isNodeEnv","decl":{"start":{"line":1,"column":16},"end":{"line":1,"column":25}},"loc":{"start":{"line":1,"column":25},"end":{"line":3,"column":1}}}},"branchMap":{"0":{"loc":{"start":{"line":2,"column":40},"end":{"line":2,"column":84}},"type":"cond-expr","locations":[{"start":{"line":2,"column":73},"end":{"line":2,"column":80}},{"start":{"line":2,"column":83},"end":{"line":2,"column":84}}]}},"s":{"0":2,"1":1},"f":{"0":2},"b":{"0":[0,2]}}
,"/home/steinwei/web/aegis-sdk/packages/utils/src/object.ts": {"path":"/home/steinwei/web/aegis-sdk/packages/utils/src/object.ts","statementMap":{"0":{"start":{"line":1,"column":0},"end":{"line":1,"column":35}},"1":{"start":{"line":3,"column":29},"end":{"line":3,"column":31}},"2":{"start":{"line":6,"column":2},"end":{"line":6,"column":101}},"3":{"start":{"line":5,"column":0},"end":{"line":5,"column":16}},"4":{"start":{"line":10,"column":17},"end":{"line":10,"column":42}},"5":{"start":{"line":11,"column":18},"end":{"line":11,"column":28}},"6":{"start":{"line":12,"column":2},"end":{"line":18,"column":null}},"7":{"start":{"line":13,"column":4},"end":{"line":17,"column":null}},"8":{"start":{"line":14,"column":6},"end":{"line":14,"column":32}},"9":{"start":{"line":19,"column":2},"end":{"line":19,"column":24}},"10":{"start":{"line":9,"column":0},"end":{"line":9,"column":16}},"11":{"start":{"line":23,"column":16},"end":{"line":23,"column":40}},"12":{"start":{"line":24,"column":2},"end":{"line":24,"column":49}},"13":{"start":{"line":22,"column":0},"end":{"line":22,"column":16}}},"fnMap":{"0":{"name":"getGlobalObject","decl":{"start":{"line":5,"column":16},"end":{"line":5,"column":31}},"loc":{"start":{"line":5,"column":31},"end":{"line":7,"column":1}}},"1":{"name":"fill","decl":{"start":{"line":9,"column":16},"end":{"line":9,"column":20}},"loc":{"start":{"line":9,"column":69},"end":{"line":20,"column":1}}},"2":{"name":"wrapFunc","decl":{"start":{"line":22,"column":16},"end":{"line":22,"column":24}},"loc":{"start":{"line":22,"column":52},"end":{"line":25,"column":1}}}},"branchMap":{"0":{"loc":{"start":{"line":6,"column":10},"end":{"line":6,"column":94}},"type":"cond-expr","locations":[{"start":{"line":6,"column":24},"end":{"line":6,"column":30}},{"start":{"line":6,"column":33},"end":{"line":6,"column":94}}]},"1":{"loc":{"start":{"line":6,"column":33},"end":{"line":6,"column":94}},"type":"cond-expr","locations":[{"start":{"line":6,"column":65},"end":{"line":6,"column":71}},{"start":{"line":6,"column":74},"end":{"line":6,"column":94}}]},"2":{"loc":{"start":{"line":12,"column":2},"end":{"line":18,"column":null}},"type":"if","locations":[{"start":{"line":12,"column":2},"end":{"line":18,"column":null}}]},"3":{"loc":{"start":{"line":23,"column":16},"end":{"line":23,"column":40}},"type":"binary-expr","locations":[{"start":{"line":23,"column":16},"end":{"line":23,"column":34}},{"start":{"line":23,"column":38},"end":{"line":23,"column":40}}]}},"s":{"0":1,"1":1,"2":2,"3":1,"4":0,"5":0,"6":0,"7":0,"8":0,"9":0,"10":1,"11":0,"12":0,"13":1},"f":{"0":2,"1":0,"2":0},"b":{"0":[0,2],"1":[0,2],"2":[0],"3":[0,0]}}
}
