TN:
SF:src/node.ts
FN:1,isNodeEnv
FNF:1
FNH:1
FNDA:2,isNodeEnv
DA:1,1
DA:2,2
LF:2
LH:2
BRDA:2,0,0,0
BRDA:2,0,1,2
BRF:2
BRH:1
end_of_record
TN:
SF:src/object.ts
FN:5,getGlobalObject
FN:9,fill
FN:22,wrapFunc
FNF:3
FNH:1
FNDA:2,getGlobalObject
FNDA:0,fill
FNDA:0,wrapFunc
DA:1,1
DA:3,1
DA:5,1
DA:6,2
DA:9,1
DA:10,0
DA:11,0
DA:12,0
DA:13,0
DA:14,0
DA:19,0
DA:22,1
DA:23,0
DA:24,0
LF:14
LH:6
BRDA:6,0,0,0
BRDA:6,0,1,2
BRDA:6,1,0,0
BRDA:6,1,1,2
BRDA:12,2,0,0
BRDA:23,3,0,0
BRDA:23,3,1,0
BRF:7
BRH:2
end_of_record
